2017-03-20 10:54:38,945 - Log4JLogChute initialized using file 'velocity.log'
2017-03-20 10:54:38,945 - Starting Apache Velocity v1.6.2 (compiled: 2009-02-19 16:29:46)
2017-03-20 10:54:38,946 - Default Properties File: org/apache/velocity/runtime/defaults/velocity.properties
2017-03-20 10:54:38,946 - Trying to use logger class org.apache.velocity.runtime.log.AvalonLogChute
2017-03-20 10:54:38,946 - Target log system for org.apache.velocity.runtime.log.AvalonLogChute is not available (java.lang.NoClassDefFoundError: org/apache/log/format/Formatter).  Falling back to next log system...
2017-03-20 10:54:38,946 - Trying to use logger class org.apache.velocity.runtime.log.Log4JLogChute
2017-03-20 10:54:38,946 - Using logger class org.apache.velocity.runtime.log.Log4JLogChute
2017-03-20 10:54:38,952 - ResourceLoader instantiated: org.apache.velocity.runtime.resource.loader.FileResourceLoader
2017-03-20 10:54:38,953 - Do unicode file recognition:  false
2017-03-20 10:54:38,953 - FileResourceLoader : adding path '.'
2017-03-20 10:54:38,965 - ResourceCache: initialized (class org.apache.velocity.runtime.resource.ResourceCacheImpl) with class java.util.Collections$SynchronizedMap cache map.
2017-03-20 10:54:38,966 - Loaded System Directive: org.apache.velocity.runtime.directive.Define
2017-03-20 10:54:38,967 - Loaded System Directive: org.apache.velocity.runtime.directive.Break
2017-03-20 10:54:38,968 - Loaded System Directive: org.apache.velocity.runtime.directive.Evaluate
2017-03-20 10:54:38,968 - Loaded System Directive: org.apache.velocity.runtime.directive.Literal
2017-03-20 10:54:38,969 - Loaded System Directive: org.apache.velocity.runtime.directive.Macro
2017-03-20 10:54:38,971 - Loaded System Directive: org.apache.velocity.runtime.directive.Parse
2017-03-20 10:54:38,972 - Loaded System Directive: org.apache.velocity.runtime.directive.Include
2017-03-20 10:54:38,973 - Loaded System Directive: org.apache.velocity.runtime.directive.Foreach
2017-03-20 10:54:39,001 - Created '20' parsers.
2017-03-20 10:54:39,009 - Velocimacro : "velocimacro.library" is not set.  Trying default library: VM_global_library.vm
2017-03-20 10:54:39,009 - Velocimacro : Default library not found.
2017-03-20 10:54:39,009 - Velocimacro : allowInline = true : VMs can be defined inline in templates
2017-03-20 10:54:39,009 - Velocimacro : allowInlineToOverride = false : VMs defined inline may NOT replace previous VM definitions
2017-03-20 10:54:39,009 - Velocimacro : allowInlineLocal = false : VMs defined inline will be global in scope if allowed.
2017-03-20 10:54:39,009 - Velocimacro : autoload off : VM system will not automatically reload global library macros
